-Xajruntimetarget:1.5
-1.8
-encoding
utf-8
-source
1.8
-target
1.8
-classpath
/Users/graemeparker/.m2/repository/org/slf4j/slf4j-api/1.7.13/slf4j-api-1.7.13.jar:/Users/graemeparker/.m2/repository/org/slf4j/jcl-over-slf4j/1.7.13/jcl-over-slf4j-1.7.13.jar:/Users/graemeparker/.m2/repository/org/slf4j/jul-to-slf4j/1.7.13/jul-to-slf4j-1.7.13.jar:/Users/graemeparker/.m2/repository/org/apache/logging/log4j/log4j-to-slf4j/2.0.2/log4j-to-slf4j-2.0.2.jar:/Users/graemeparker/.m2/repository/commons-logging/commons-logging/99-empty/commons-logging-99-empty.jar:/Users/graemeparker/.m2/repository/log4j/log4j/1.2.17/log4j-1.2.17.jar:/Users/graemeparker/.m2/repository/uk/org/simonsite/log4j-appender/20120703-0826/log4j-appender-20120703-0826.jar:/Users/graemeparker/.m2/repository/ch/qos/logback/logback-access/1.1.3/logback-access-1.1.3.jar:/Users/graemeparker/.m2/repository/ch/qos/logback/logback-classic/1.1.3/logback-classic-1.1.3.jar:/Users/graemeparker/.m2/repository/javax/servlet/javax.servlet-api/3.1.0/javax.servlet-api-3.1.0.jar:/Users/graemeparker/.m2/repository/org/glassfish/javax.json/1.0/javax.json-1.0.jar:/Users/graemeparker/.m2/repository/com/newrelic/agent/java/newrelic-api/3.11.0/newrelic-api-3.11.0.jar:/Users/graemeparker/.m2/repository/com/amazonaws/aws-java-sdk-s3/1.10.17/aws-java-sdk-s3-1.10.17.jar:/Users/graemeparker/.m2/repository/org/apache/httpcomponents/httpclient/4.4.1/httpclient-4.4.1.jar:/Users/graemeparker/.m2/repository/org/apache/httpcomponents/httpcore/4.4.1/httpcore-4.4.1.jar:/Users/graemeparker/.m2/repository/com/google/guava/guava/18.0/guava-18.0.jar:/Users/graemeparker/.m2/repository/com/fasterxml/jackson/core/jackson-databind/2.6.3/jackson-databind-2.6.3.jar:/Users/graemeparker/.m2/repository/com/jayway/jsonpath/json-path/2.0.0/json-path-2.0.0.jar:/Users/graemeparker/.m2/repository/org/apache/kafka/kafka_2.10/0.8.2.2/kafka_2.10-0.8.2.2.jar:/Users/graemeparker/.m2/repository/com/datastax/cassandra/cassandra-driver-core/2.1.9/cassandra-driver-core-2.1.9.jar:/Users/graemeparker/.m2/repository/org/springframework/data/spring-data-cassandra/1.3.2.RELEASE/spring-data-cassandra-1.3.2.RELEASE.jar:/Users/graemeparker/.m2/repository/com/google/protobuf/protobuf-java/2.6.1/protobuf-java-2.6.1.jar:/Users/graemeparker/Documents/workspace/byyd-tech/projects/archive/target/adfonic-archive-5.0.17-SNAPSHOT.jar:/Users/graemeparker/Documents/workspace/byyd-tech/projects/util/target/adfonic-util-5.0.17-SNAPSHOT.jar:/Users/graemeparker/Documents/workspace/byyd-tech/projects/distro/target/distro.jar:/Users/graemeparker/Documents/workspace/byyd-tech/projects/adserver-api/target/adfonic-adserver-api-5.0.17-SNAPSHOT.jar:/Users/graemeparker/Documents/workspace/byyd-tech/projects/common-api/target/adfonic-common-api-5.0.17-SNAPSHOT.jar:/Users/graemeparker/Documents/workspace/byyd-tech/projects/adresponse/target/adfonic-adresponse-5.0.17-SNAPSHOT.jar:/Users/graemeparker/Documents/workspace/byyd-tech/projects/cache/target/adfonic-cache-5.0.17-SNAPSHOT.jar:/Users/graemeparker/Documents/workspace/byyd-tech/projects/domain/target/adfonic-domain-5.0.17-SNAPSHOT.jar:/Users/graemeparker/Documents/workspace/byyd-tech/projects/domaincache/target/adfonic-domaincache-5.0.17-SNAPSHOT.jar:/Users/graemeparker/Documents/workspace/byyd-tech/projects/ddr/target/adfonic-ddr-5.0.17-SNAPSHOT.jar:/Users/graemeparker/Documents/workspace/byyd-tech/projects/geo/target/adfonic-geo-5.0.17-SNAPSHOT.jar:/Users/graemeparker/Documents/workspace/byyd-tech/projects/hornetq-util/target/adfonic-hornetq-util-5.0.17-SNAPSHOT.jar:/Users/graemeparker/Documents/workspace/byyd-tech/projects/jms/target/adfonic-jms-5.0.17-SNAPSHOT.jar:/Users/graemeparker/Documents/workspace/byyd-tech/projects/quova/target/adfonic-quova-5.0.17-SNAPSHOT.jar:/Users/graemeparker/Documents/workspace/byyd-tech/projects/retargeting/target/adfonic-retargeting-5.0.17-SNAPSHOT.jar:/Users/graemeparker/Documents/workspace/byyd-tech/projects/datacache/target/adfonic-datacache-5.0.17-SNAPSHOT.jar:/Users/graemeparker/.m2/repository/com/googlecode/json-simple/json-simple/1.1/json-simple-1.1.jar:/Users/graemeparker/.m2/repository/commons-collections/commons-collections/3.2.2/commons-collections-3.2.2.jar:/Users/graemeparker/.m2/repository/commons-io/commons-io/2.4/commons-io-2.4.jar:/Users/graemeparker/.m2/repository/commons-lang/commons-lang/2.6/commons-lang-2.6.jar:/Users/graemeparker/.m2/repository/commons-validator/commons-validator/1.4.1/commons-validator-1.4.1.jar:/Users/graemeparker/.m2/repository/org/apache/velocity/velocity/1.7/velocity-1.7.jar:/Users/graemeparker/.m2/repository/org/apache/velocity/velocity-tools-generic/2.0/velocity-tools-generic-2.0.jar:/Users/graemeparker/.m2/repository/org/jdom/jdom/1.1/jdom-1.1.jar:/Users/graemeparker/.m2/repository/org/springframework/spring-beans/4.2.3.RELEASE/spring-beans-4.2.3.RELEASE.jar:/Users/graemeparker/.m2/repository/org/springframework/spring-context/4.2.3.RELEASE/spring-context-4.2.3.RELEASE.jar:/Users/graemeparker/.m2/repository/org/springframework/spring-context-support/4.2.3.RELEASE/spring-context-support-4.2.3.RELEASE.jar:/Users/graemeparker/.m2/repository/org/springframework/spring-jms/4.2.3.RELEASE/spring-jms-4.2.3.RELEASE.jar:/Users/graemeparker/.m2/repository/org/springframework/spring-core/4.2.3.RELEASE/spring-core-4.2.3.RELEASE.jar:/Users/graemeparker/.m2/repository/org/springframework/spring-web/4.2.3.RELEASE/spring-web-4.2.3.RELEASE.jar:/Users/graemeparker/.m2/repository/org/springframework/spring-webmvc/4.2.3.RELEASE/spring-webmvc-4.2.3.RELEASE.jar:/Users/graemeparker/.m2/repository/org/springframework/spring-jdbc/4.2.3.RELEASE/spring-jdbc-4.2.3.RELEASE.jar:/Users/graemeparker/.m2/repository/org/springframework/spring-tx/4.2.3.RELEASE/spring-tx-4.2.3.RELEASE.jar:/Users/graemeparker/.m2/repository/org/springframework/spring-aspects/4.2.3.RELEASE/spring-aspects-4.2.3.RELEASE.jar:/Users/graemeparker/.m2/repository/org/aspectj/aspectjrt/1.8.5/aspectjrt-1.8.5.jar:/Users/graemeparker/.m2/repository/net/anthavio/anthavio-aspects/1.0.0/anthavio-aspects-1.0.0.jar:/Users/graemeparker/.m2/repository/org/apache/activemq/activemq-core/5.5.0/activemq-core-5.5.0.jar:/Users/graemeparker/.m2/repository/org/apache/activemq/activemq-pool/5.5.0/activemq-pool-5.5.0.jar:/Users/graemeparker/.m2/repository/org/openx/market/ssrtb/pricecrypter/0.0.4/pricecrypter-0.0.4.jar:/Users/graemeparker/.m2/repository/commons-dbcp/commons-dbcp/1.4/commons-dbcp-1.4.jar:/Users/graemeparker/.m2/repository/mysql/mysql-connector-java/5.1.18/mysql-connector-java-5.1.18.jar:/Users/graemeparker/.m2/repository/org/tuckey/urlrewritefilter/4.0.3/urlrewritefilter-4.0.3.jar:/Users/graemeparker/.m2/repository/com/sun/faces/jsf-api/2.2.7/jsf-api-2.2.7.jar:/Users/graemeparker/.m2/repository/com/sun/faces/jsf-impl/2.2.7/jsf-impl-2.2.7.jar:/Users/graemeparker/.m2/repository/org/primefaces/primefaces/4.0/primefaces-4.0.jar:/Users/graemeparker/.m2/repository/org/jolokia/jolokia-core/1.3.1/jolokia-core-1.3.1.jar:/Users/graemeparker/.m2/repository/io/dropwizard/metrics/metrics-servlet/3.1.2/metrics-servlet-3.1.2.jar:/Users/graemeparker/.m2/repository/io/dropwizard/metrics/metrics-core/3.1.2/metrics-core-3.1.2.jar:/Users/graemeparker/.m2/repository/io/dropwizard/metrics/metrics-servlets/3.1.2/metrics-servlets-3.1.2.jar:/Users/graemeparker/.m2/repository/com/google/doubleclick/doubleclick-openrtb/1.0.0/doubleclick-openrtb-1.0.0.jar:/Users/graemeparker/.m2/repository/org/springframework/spring-test/4.2.3.RELEASE/spring-test-4.2.3.RELEASE.jar:/Users/graemeparker/.m2/repository/junit/junit/4.12/junit-4.12.jar:/Users/graemeparker/Documents/workspace/byyd-tech/projects/test/target/adfonic-test-5.0.17-SNAPSHOT.jar:/Users/graemeparker/.m2/repository/org/json/json/20090211/json-20090211.jar:/Users/graemeparker/.m2/repository/org/mockito/mockito-all/1.10.19/mockito-all-1.10.19.jar:/Users/graemeparker/.m2/repository/org/assertj/assertj-core/1.6.1/assertj-core-1.6.1.jar:/Users/graemeparker/.m2/repository/org/apache/tomcat/embed/tomcat-embed-core/8.0.28/tomcat-embed-core-8.0.28.jar:/Users/graemeparker/.m2/repository/org/apache/tomcat/embed/tomcat-embed-logging-juli/8.0.28/tomcat-embed-logging-juli-8.0.28.jar:/Users/graemeparker/.m2/repository/org/apache/tomcat/embed/tomcat-embed-jasper/8.0.28/tomcat-embed-jasper-8.0.28.jar:/Users/graemeparker/.m2/repository/com/orange/redis-embedded/embedded-redis/0.6/embedded-redis-0.6.jar:/Users/graemeparker/.m2/repository/com/github/os72/protoc-jar/2.6.1.4/protoc-jar-2.6.1.4.jar:/Users/graemeparker/.m2/repository/org/apache/kafka/kafka_2.10/0.8.2.2/kafka_2.10-0.8.2.2-test.jar:/Users/graemeparker/.m2/repository/org/apache/cassandra/cassandra-all/2.2.2/cassandra-all-2.2.2.jar:/Users/graemeparker/.m2/repository/org/cassandraunit/cassandra-unit/2.2.2.1/cassandra-unit-2.2.2.1.jar:/Users/graemeparker/.m2/repository/org/apache/logging/log4j/log4j-api/2.0.2/log4j-api-2.0.2.jar:/Users/graemeparker/.m2/repository/ch/qos/logback/logback-core/1.1.3/logback-core-1.1.3.jar:/Users/graemeparker/.m2/repository/com/amazonaws/aws-java-sdk-kms/1.10.17/aws-java-sdk-kms-1.10.17.jar:/Users/graemeparker/.m2/repository/com/amazonaws/aws-java-sdk-core/1.10.17/aws-java-sdk-core-1.10.17.jar:/Users/graemeparker/.m2/repository/commons-codec/commons-codec/1.10/commons-codec-1.10.jar:/Users/graemeparker/.m2/repository/com/fasterxml/jackson/core/jackson-annotations/2.6.0/jackson-annotations-2.6.0.jar:/Users/graemeparker/.m2/repository/com/fasterxml/jackson/core/jackson-core/2.6.3/jackson-core-2.6.3.jar:/Users/graemeparker/.m2/repository/org/apache/kafka/kafka-clients/0.8.2.2/kafka-clients-0.8.2.2.jar:/Users/graemeparker/.m2/repository/com/yammer/metrics/metrics-core/2.2.0/metrics-core-2.2.0.jar:/Users/graemeparker/.m2/repository/org/scala-lang/scala-library/2.10.4/scala-library-2.10.4.jar:/Users/graemeparker/.m2/repository/org/apache/zookeeper/zookeeper/3.4.6/zookeeper-3.4.6.jar:/Users/graemeparker/.m2/repository/jline/jline/0.9.94/jline-0.9.94.jar:/Users/graemeparker/.m2/repository/net/sf/jopt-simple/jopt-simple/3.2/jopt-simple-3.2.jar:/Users/graemeparker/.m2/repository/com/101tec/zkclient/0.3/zkclient-0.3.jar:/Users/graemeparker/.m2/repository/io/netty/netty-handler/4.0.27.Final/netty-handler-4.0.27.Final.jar:/Users/graemeparker/.m2/repository/io/netty/netty-buffer/4.0.27.Final/netty-buffer-4.0.27.Final.jar:/Users/graemeparker/.m2/repository/io/netty/netty-common/4.0.27.Final/netty-common-4.0.27.Final.jar:/Users/graemeparker/.m2/repository/io/netty/netty-transport/4.0.27.Final/netty-transport-4.0.27.Final.jar:/Users/graemeparker/.m2/repository/io/netty/netty-codec/4.0.27.Final/netty-codec-4.0.27.Final.jar:/Users/graemeparker/.m2/repository/org/springframework/data/spring-cql/1.3.2.RELEASE/spring-cql-1.3.2.RELEASE.jar:/Users/graemeparker/.m2/repository/org/springframework/spring-expression/4.1.9.RELEASE/spring-expression-4.1.9.RELEASE.jar:/Users/graemeparker/.m2/repository/org/springframework/data/spring-data-commons/1.11.2.RELEASE/spring-data-commons-1.11.2.RELEASE.jar:/Users/graemeparker/.m2/repository/com/datastax/cassandra/cassandra-driver-dse/2.1.5/cassandra-driver-dse-2.1.5.jar:/Users/graemeparker/.m2/repository/com/ibm/icu/icu4j/4.8.1.1/icu4j-4.8.1.1.jar:/Users/graemeparker/.m2/repository/com/esotericsoftware/kryo/1.04/kryo-1.04.jar:/Users/graemeparker/.m2/repository/net/citrusleaf/citrusleaf-client/2.0.23-105CP-ttl3-byyd/citrusleaf-client-2.0.23-105CP-ttl3-byyd.jar:/Users/graemeparker/.m2/repository/org/gnu/gnu-crypto/2.0.1/gnu-crypto-2.0.1.jar:/Users/graemeparker/.m2/repository/net/sf/ehcache/ehcache-core/2.5.2/ehcache-core-2.5.2.jar:/Users/graemeparker/.m2/repository/org/hibernate/javax/persistence/hibernate-jpa-2.1-api/1.0.0.Final/hibernate-jpa-2.1-api-1.0.0.Final.jar:/Users/graemeparker/.m2/repository/commons-dbutils/commons-dbutils/1.6/commons-dbutils-1.6.jar:/Users/graemeparker/.m2/repository/mobi/mtld/da-java/1.5.3/da-java-1.5.3.jar:/Users/graemeparker/.m2/repository/net/sf/opencsv/opencsv/2.2/opencsv-2.2.jar:/Users/graemeparker/.m2/repository/org/hornetq/hornetq-core/2.2.18.Final/hornetq-core-2.2.18.Final.jar:/Users/graemeparker/.m2/repository/io/netty/netty/3.7.0.Final/netty-3.7.0.Final.jar:/Users/graemeparker/.m2/repository/com/quova/quova-data/1.0/quova-data-1.0.jar:/Users/graemeparker/.m2/repository/redis/clients/jedis/2.6.0/jedis-2.6.0.jar:/Users/graemeparker/.m2/repository/org/apache/commons/commons-pool2/2.0/commons-pool2-2.0.jar:/Users/graemeparker/.m2/repository/com/spatial4j/spatial4j/0.4.1/spatial4j-0.4.1.jar:/Users/graemeparker/.m2/repository/joda-time/joda-time/2.8.2/joda-time-2.8.2.jar:/Users/graemeparker/.m2/repository/commons-beanutils/commons-beanutils/1.8.3/commons-beanutils-1.8.3.jar:/Users/graemeparker/.m2/repository/commons-digester/commons-digester/1.8.1/commons-digester-1.8.1.jar:/Users/graemeparker/.m2/repository/org/springframework/spring-aop/4.2.3.RELEASE/spring-aop-4.2.3.RELEASE.jar:/Users/graemeparker/.m2/repository/aopalliance/aopalliance/1.0/aopalliance-1.0.jar:/Users/graemeparker/.m2/repository/org/springframework/spring-messaging/4.2.3.RELEASE/spring-messaging-4.2.3.RELEASE.jar:/Users/graemeparker/.m2/repository/org/apache/geronimo/specs/geronimo-jms_1.1_spec/1.1.1/geronimo-jms_1.1_spec-1.1.1.jar:/Users/graemeparker/.m2/repository/org/apache/activemq/activeio-core/3.1.2/activeio-core-3.1.2.jar:/Users/graemeparker/.m2/repository/org/apache/activemq/kahadb/5.5.0/kahadb-5.5.0.jar:/Users/graemeparker/.m2/repository/org/apache/activemq/protobuf/activemq-protobuf/1.1/activemq-protobuf-1.1.jar:/Users/graemeparker/.m2/repository/org/osgi/org.osgi.core/4.1.0/org.osgi.core-4.1.0.jar:/Users/graemeparker/.m2/repository/org/apache/geronimo/specs/geronimo-j2ee-management_1.1_spec/1.0.1/geronimo-j2ee-management_1.1_spec-1.0.1.jar:/Users/graemeparker/.m2/repository/commons-net/commons-net/2.0/commons-net-2.0.jar:/Users/graemeparker/.m2/repository/org/jasypt/jasypt/1.7/jasypt-1.7.jar:/Users/graemeparker/.m2/repository/org/apache/geronimo/specs/geronimo-jta_1.0.1B_spec/1.0.1/geronimo-jta_1.0.1B_spec-1.0.1.jar:/Users/graemeparker/.m2/repository/commons-pool/commons-pool/1.5.4/commons-pool-1.5.4.jar:/Users/graemeparker/.m2/repository/io/dropwizard/metrics/metrics-healthchecks/3.1.2/metrics-healthchecks-3.1.2.jar:/Users/graemeparker/.m2/repository/io/dropwizard/metrics/metrics-json/3.1.2/metrics-json-3.1.2.jar:/Users/graemeparker/.m2/repository/io/dropwizard/metrics/metrics-jvm/3.1.2/metrics-jvm-3.1.2.jar:/Users/graemeparker/.m2/repository/com/google/code/findbugs/jsr305/3.0.1/jsr305-3.0.1.jar:/Users/graemeparker/.m2/repository/com/google/openrtb/openrtb-core/1.0.0/openrtb-core-1.0.0.jar:/Users/graemeparker/.m2/repository/javax/inject/javax.inject/1/javax.inject-1.jar:/Users/graemeparker/.m2/repository/com/google/doubleclick/doubleclick-core/1.0.0/doubleclick-core-1.0.0.jar:/Users/graemeparker/.m2/repository/org/xerial/snappy/snappy-java/1.1.1.7/snappy-java-1.1.1.7.jar:/Users/graemeparker/.m2/repository/net/jpountz/lz4/lz4/1.3.0/lz4-1.3.0.jar:/Users/graemeparker/Documents/workspace/byyd-tech/projects/adserver/target/classes
-aspectpath
/Users/graemeparker/.m2/repository/org/springframework/spring-aspects/4.2.3.RELEASE/spring-aspects-4.2.3.RELEASE.jar:/Users/graemeparker/.m2/repository/net/anthavio/anthavio-aspects/1.0.0/anthavio-aspects-1.0.0.jar
-d
/Users/graemeparker/Documents/workspace/byyd-tech/projects/adserver/target/classes
/Users/graemeparker/Documents/workspace/byyd-tech/projects/adserver/src/main/java/com/adfonic/adserver/AbstractBidManager.java
/Users/graemeparker/Documents/workspace/byyd-tech/projects/adserver/src/main/java/com/adfonic/adserver/AdEventLogger.java
/Users/graemeparker/Documents/workspace/byyd-tech/projects/adserver/src/main/java/com/adfonic/adserver/AdSpaceUtils.java
/Users/graemeparker/Documents/workspace/byyd-tech/projects/adserver/src/main/java/com/adfonic/adserver/BackupLogger.java
/Users/graemeparker/Documents/workspace/byyd-tech/projects/adserver/src/main/java/com/adfonic/adserver/BackupLoggerFilter.java
/Users/graemeparker/Documents/workspace/byyd-tech/projects/adserver/src/main/java/com/adfonic/adserver/BeaconUtils.java
/Users/graemeparker/Documents/workspace/byyd-tech/projects/adserver/src/main/java/com/adfonic/adserver/BidCacheService.java
/Users/graemeparker/Documents/workspace/byyd-tech/projects/adserver/src/main/java/com/adfonic/adserver/BidDetails.java
/Users/graemeparker/Documents/workspace/byyd-tech/projects/adserver/src/main/java/com/adfonic/adserver/bidmanager/BatchIdBidEntry.java
/Users/graemeparker/Documents/workspace/byyd-tech/projects/adserver/src/main/java/com/adfonic/adserver/bidmanager/BatchIdGenerator.java
/Users/graemeparker/Documents/workspace/byyd-tech/projects/adserver/src/main/java/com/adfonic/adserver/bidmanager/BatchIdGeneratorFromSystemTime.java
/Users/graemeparker/Documents/workspace/byyd-tech/projects/adserver/src/main/java/com/adfonic/adserver/bidmanager/DelayedBidEntry.java
/Users/graemeparker/Documents/workspace/byyd-tech/projects/adserver/src/main/java/com/adfonic/adserver/BlacklistedException.java
/Users/graemeparker/Documents/workspace/byyd-tech/projects/adserver/src/main/java/com/adfonic/adserver/ClickUtils.java
/Users/graemeparker/Documents/workspace/byyd-tech/projects/adserver/src/main/java/com/adfonic/adserver/controller/AbstractAdServerController.java
/Users/graemeparker/Documents/workspace/byyd-tech/projects/adserver/src/main/java/com/adfonic/adserver/controller/AdController.java
/Users/graemeparker/Documents/workspace/byyd-tech/projects/adserver/src/main/java/com/adfonic/adserver/controller/BeaconController.java
/Users/graemeparker/Documents/workspace/byyd-tech/projects/adserver/src/main/java/com/adfonic/adserver/controller/ClickRedirectController.java
/Users/graemeparker/Documents/workspace/byyd-tech/projects/adserver/src/main/java/com/adfonic/adserver/controller/ClickThroughController.java
/Users/graemeparker/Documents/workspace/byyd-tech/projects/adserver/src/main/java/com/adfonic/adserver/controller/ConversionTrackingController.java
/Users/graemeparker/Documents/workspace/byyd-tech/projects/adserver/src/main/java/com/adfonic/adserver/controller/CreativeController.java
/Users/graemeparker/Documents/workspace/byyd-tech/projects/adserver/src/main/java/com/adfonic/adserver/controller/dbg/AdsquareDebugController.java
/Users/graemeparker/Documents/workspace/byyd-tech/projects/adserver/src/main/java/com/adfonic/adserver/controller/dbg/AdsquareV2DebugController.java
/Users/graemeparker/Documents/workspace/byyd-tech/projects/adserver/src/main/java/com/adfonic/adserver/controller/dbg/AdxDebugController.java
/Users/graemeparker/Documents/workspace/byyd-tech/projects/adserver/src/main/java/com/adfonic/adserver/controller/dbg/AerospikeDebugController.java
/Users/graemeparker/Documents/workspace/byyd-tech/projects/adserver/src/main/java/com/adfonic/adserver/controller/dbg/DbgBuilder.java
/Users/graemeparker/Documents/workspace/byyd-tech/projects/adserver/src/main/java/com/adfonic/adserver/controller/dbg/DbgUiUtil.java
/Users/graemeparker/Documents/workspace/byyd-tech/projects/adserver/src/main/java/com/adfonic/adserver/controller/dbg/DebugBidContext.java
/Users/graemeparker/Documents/workspace/byyd-tech/projects/adserver/src/main/java/com/adfonic/adserver/controller/dbg/DebugBidController.java
/Users/graemeparker/Documents/workspace/byyd-tech/projects/adserver/src/main/java/com/adfonic/adserver/controller/dbg/DebugBidUiController.java
/Users/graemeparker/Documents/workspace/byyd-tech/projects/adserver/src/main/java/com/adfonic/adserver/controller/dbg/DebugCacheController.java
/Users/graemeparker/Documents/workspace/byyd-tech/projects/adserver/src/main/java/com/adfonic/adserver/controller/dbg/DebugServerController.java
/Users/graemeparker/Documents/workspace/byyd-tech/projects/adserver/src/main/java/com/adfonic/adserver/controller/dbg/DebugTrackerController.java
/Users/graemeparker/Documents/workspace/byyd-tech/projects/adserver/src/main/java/com/adfonic/adserver/controller/dbg/dto/DbgAdCacheDto.java
/Users/graemeparker/Documents/workspace/byyd-tech/projects/adserver/src/main/java/com/adfonic/adserver/controller/dbg/dto/DbgAdCacheMetaDto.java
/Users/graemeparker/Documents/workspace/byyd-tech/projects/adserver/src/main/java/com/adfonic/adserver/controller/dbg/dto/DbgAdSpaceDto.java
/Users/graemeparker/Documents/workspace/byyd-tech/projects/adserver/src/main/java/com/adfonic/adserver/controller/dbg/dto/DbgApplicationDto.java
/Users/graemeparker/Documents/workspace/byyd-tech/projects/adserver/src/main/java/com/adfonic/adserver/controller/dbg/dto/DbgBidDto.java
/Users/graemeparker/Documents/workspace/byyd-tech/projects/adserver/src/main/java/com/adfonic/adserver/controller/dbg/dto/DbgCacheDto.java
/Users/graemeparker/Documents/workspace/byyd-tech/projects/adserver/src/main/java/com/adfonic/adserver/controller/dbg/dto/DbgCacheMetaDto.java
/Users/graemeparker/Documents/workspace/byyd-tech/projects/adserver/src/main/java/com/adfonic/adserver/controller/dbg/dto/DbgCampaignDto.java
/Users/graemeparker/Documents/workspace/byyd-tech/projects/adserver/src/main/java/com/adfonic/adserver/controller/dbg/dto/DbgContainerDto.java
/Users/graemeparker/Documents/workspace/byyd-tech/projects/adserver/src/main/java/com/adfonic/adserver/controller/dbg/dto/DbgCreativeDto.java
/Users/graemeparker/Documents/workspace/byyd-tech/projects/adserver/src/main/java/com/adfonic/adserver/controller/dbg/dto/DbgDomainCacheDto.java
/Users/graemeparker/Documents/workspace/byyd-tech/projects/adserver/src/main/java/com/adfonic/adserver/controller/dbg/dto/DbgPublisherDto.java
/Users/graemeparker/Documents/workspace/byyd-tech/projects/adserver/src/main/java/com/adfonic/adserver/controller/dbg/dto/DbgSpringInfoDto.java
/Users/graemeparker/Documents/workspace/byyd-tech/projects/adserver/src/main/java/com/adfonic/adserver/controller/dbg/dto/DbgStoppageDto.java
/Users/graemeparker/Documents/workspace/byyd-tech/projects/adserver/src/main/java/com/adfonic/adserver/controller/dbg/FactualDebugController.java
/Users/graemeparker/Documents/workspace/byyd-tech/projects/adserver/src/main/java/com/adfonic/adserver/controller/dbg/FeatureFlagController.java
/Users/graemeparker/Documents/workspace/byyd-tech/projects/adserver/src/main/java/com/adfonic/adserver/controller/dbg/FlushController.java
/Users/graemeparker/Documents/workspace/byyd-tech/projects/adserver/src/main/java/com/adfonic/adserver/controller/dbg/OffenceController.java
/Users/graemeparker/Documents/workspace/byyd-tech/projects/adserver/src/main/java/com/adfonic/adserver/controller/dbg/RedisDebugController.java
/Users/graemeparker/Documents/workspace/byyd-tech/projects/adserver/src/main/java/com/adfonic/adserver/controller/dbg/RtbExchange.java
/Users/graemeparker/Documents/workspace/byyd-tech/projects/adserver/src/main/java/com/adfonic/adserver/controller/DiagnosticController.java
/Users/graemeparker/Documents/workspace/byyd-tech/projects/adserver/src/main/java/com/adfonic/adserver/controller/fish/ContainsMatcher.java
/Users/graemeparker/Documents/workspace/byyd-tech/projects/adserver/src/main/java/com/adfonic/adserver/controller/fish/FishingController.java
/Users/graemeparker/Documents/workspace/byyd-tech/projects/adserver/src/main/java/com/adfonic/adserver/controller/fish/JsonPathMatcher.java
/Users/graemeparker/Documents/workspace/byyd-tech/projects/adserver/src/main/java/com/adfonic/adserver/controller/fish/RegexMatcher.java
/Users/graemeparker/Documents/workspace/byyd-tech/projects/adserver/src/main/java/com/adfonic/adserver/controller/fish/RtbFisherman.java
/Users/graemeparker/Documents/workspace/byyd-tech/projects/adserver/src/main/java/com/adfonic/adserver/controller/fish/RtbFishnet.java
/Users/graemeparker/Documents/workspace/byyd-tech/projects/adserver/src/main/java/com/adfonic/adserver/controller/fish/RtbFishnetConfig.java
/Users/graemeparker/Documents/workspace/byyd-tech/projects/adserver/src/main/java/com/adfonic/adserver/controller/InstallTrackingController.java
/Users/graemeparker/Documents/workspace/byyd-tech/projects/adserver/src/main/java/com/adfonic/adserver/controller/JavascriptAdController.java
/Users/graemeparker/Documents/workspace/byyd-tech/projects/adserver/src/main/java/com/adfonic/adserver/controller/ParallelModeController.java
/Users/graemeparker/Documents/workspace/byyd-tech/projects/adserver/src/main/java/com/adfonic/adserver/controller/PluginTestController.java
/Users/graemeparker/Documents/workspace/byyd-tech/projects/adserver/src/main/java/com/adfonic/adserver/controller/QuovaCheckController.java
/Users/graemeparker/Documents/workspace/byyd-tech/projects/adserver/src/main/java/com/adfonic/adserver/controller/rtb/AbstractRTBv2BidController.java
/Users/graemeparker/Documents/workspace/byyd-tech/projects/adserver/src/main/java/com/adfonic/adserver/controller/rtb/AdmeldRtbController.java
/Users/graemeparker/Documents/workspace/byyd-tech/projects/adserver/src/main/java/com/adfonic/adserver/controller/rtb/AdXBidAdapter.java
/Users/graemeparker/Documents/workspace/byyd-tech/projects/adserver/src/main/java/com/adfonic/adserver/controller/rtb/AdXController.java
/Users/graemeparker/Documents/workspace/byyd-tech/projects/adserver/src/main/java/com/adfonic/adserver/controller/rtb/AppNexusRoutingController.java
/Users/graemeparker/Documents/workspace/byyd-tech/projects/adserver/src/main/java/com/adfonic/adserver/controller/rtb/AppNexusV2Controller.java
/Users/graemeparker/Documents/workspace/byyd-tech/projects/adserver/src/main/java/com/adfonic/adserver/controller/rtb/BiddingSwitchController.java
/Users/graemeparker/Documents/workspace/byyd-tech/projects/adserver/src/main/java/com/adfonic/adserver/controller/rtb/BidRequestReaper.java
/Users/graemeparker/Documents/workspace/byyd-tech/projects/adserver/src/main/java/com/adfonic/adserver/controller/rtb/ByydTestBidController.java
/Users/graemeparker/Documents/workspace/byyd-tech/projects/adserver/src/main/java/com/adfonic/adserver/controller/rtb/ExchangeBidAdapter.java
/Users/graemeparker/Documents/workspace/byyd-tech/projects/adserver/src/main/java/com/adfonic/adserver/controller/rtb/ExchangeExceptionHandler.java
/Users/graemeparker/Documents/workspace/byyd-tech/projects/adserver/src/main/java/com/adfonic/adserver/controller/rtb/MopubV2BidController.java
/Users/graemeparker/Documents/workspace/byyd-tech/projects/adserver/src/main/java/com/adfonic/adserver/controller/rtb/NexageV2Controller.java
/Users/graemeparker/Documents/workspace/byyd-tech/projects/adserver/src/main/java/com/adfonic/adserver/controller/rtb/OpenRtbV1BidAdapter.java
/Users/graemeparker/Documents/workspace/byyd-tech/projects/adserver/src/main/java/com/adfonic/adserver/controller/rtb/OpenRtbV1Controller.java
/Users/graemeparker/Documents/workspace/byyd-tech/projects/adserver/src/main/java/com/adfonic/adserver/controller/rtb/OpenRtbV2BidAdapter.java
/Users/graemeparker/Documents/workspace/byyd-tech/projects/adserver/src/main/java/com/adfonic/adserver/controller/rtb/OpenRTBv2Controller.java
/Users/graemeparker/Documents/workspace/byyd-tech/projects/adserver/src/main/java/com/adfonic/adserver/controller/rtb/OpenXBidAdapter.java
/Users/graemeparker/Documents/workspace/byyd-tech/projects/adserver/src/main/java/com/adfonic/adserver/controller/rtb/OpenXController.java
/Users/graemeparker/Documents/workspace/byyd-tech/projects/adserver/src/main/java/com/adfonic/adserver/controller/rtb/PubmaticRTBv2Controller.java
/Users/graemeparker/Documents/workspace/byyd-tech/projects/adserver/src/main/java/com/adfonic/adserver/controller/rtb/RtbBidSequence.java
/Users/graemeparker/Documents/workspace/byyd-tech/projects/adserver/src/main/java/com/adfonic/adserver/controller/rtb/RtbEndpoint.java
/Users/graemeparker/Documents/workspace/byyd-tech/projects/adserver/src/main/java/com/adfonic/adserver/controller/rtb/RtbExecutionContext.java
/Users/graemeparker/Documents/workspace/byyd-tech/projects/adserver/src/main/java/com/adfonic/adserver/controller/rtb/RtbHttpContext.java
/Users/graemeparker/Documents/workspace/byyd-tech/projects/adserver/src/main/java/com/adfonic/adserver/controller/rtb/RtbHttpExecutor.java
/Users/graemeparker/Documents/workspace/byyd-tech/projects/adserver/src/main/java/com/adfonic/adserver/controller/rtb/RubiconRTBv2Controller.java
/Users/graemeparker/Documents/workspace/byyd-tech/projects/adserver/src/main/java/com/adfonic/adserver/controller/rtb/SmaatoRTBv2BidController.java
/Users/graemeparker/Documents/workspace/byyd-tech/projects/adserver/src/main/java/com/adfonic/adserver/controller/rtb/TrafficConservationSwitchController.java
/Users/graemeparker/Documents/workspace/byyd-tech/projects/adserver/src/main/java/com/adfonic/adserver/controller/rtb/YieldlabBidAdapter.java
/Users/graemeparker/Documents/workspace/byyd-tech/projects/adserver/src/main/java/com/adfonic/adserver/controller/rtb/YieldlabController.java
/Users/graemeparker/Documents/workspace/byyd-tech/projects/adserver/src/main/java/com/adfonic/adserver/controller/StaticTagController.java
/Users/graemeparker/Documents/workspace/byyd-tech/projects/adserver/src/main/java/com/adfonic/adserver/controller/UnmappedRequestController.java
/Users/graemeparker/Documents/workspace/byyd-tech/projects/adserver/src/main/java/com/adfonic/adserver/controller/WebConfig.java
/Users/graemeparker/Documents/workspace/byyd-tech/projects/adserver/src/main/java/com/adfonic/adserver/controller/WhatsupController.java
/Users/graemeparker/Documents/workspace/byyd-tech/projects/adserver/src/main/java/com/adfonic/adserver/CreativeEliminatedReason.java
/Users/graemeparker/Documents/workspace/byyd-tech/projects/adserver/src/main/java/com/adfonic/adserver/delegator/AdserverCacheDelegator.java
/Users/graemeparker/Documents/workspace/byyd-tech/projects/adserver/src/main/java/com/adfonic/adserver/deriver/Deriver.java
/Users/graemeparker/Documents/workspace/byyd-tech/projects/adserver/src/main/java/com/adfonic/adserver/deriver/DeriverManager.java
/Users/graemeparker/Documents/workspace/byyd-tech/projects/adserver/src/main/java/com/adfonic/adserver/deriver/impl/AbstractGeoDeriver.java
/Users/graemeparker/Documents/workspace/byyd-tech/projects/adserver/src/main/java/com/adfonic/adserver/deriver/impl/AcceptedFeaturesDeriver.java
/Users/graemeparker/Documents/workspace/byyd-tech/projects/adserver/src/main/java/com/adfonic/adserver/deriver/impl/AdsquareAudienceDeriver.java
/Users/graemeparker/Documents/workspace/byyd-tech/projects/adserver/src/main/java/com/adfonic/adserver/deriver/impl/AdsquareEnrichAudienceDeriver.java
/Users/graemeparker/Documents/workspace/byyd-tech/projects/adserver/src/main/java/com/adfonic/adserver/deriver/impl/AgeRangeDeriver.java
/Users/graemeparker/Documents/workspace/byyd-tech/projects/adserver/src/main/java/com/adfonic/adserver/deriver/impl/BaseDeriver.java
/Users/graemeparker/Documents/workspace/byyd-tech/projects/adserver/src/main/java/com/adfonic/adserver/deriver/impl/CapabilitiesDeriver.java
/Users/graemeparker/Documents/workspace/byyd-tech/projects/adserver/src/main/java/com/adfonic/adserver/deriver/impl/CreativeIdDeriver.java
/Users/graemeparker/Documents/workspace/byyd-tech/projects/adserver/src/main/java/com/adfonic/adserver/deriver/impl/DateOfBirthDeriver.java
/Users/graemeparker/Documents/workspace/byyd-tech/projects/adserver/src/main/java/com/adfonic/adserver/deriver/impl/DeviceAudiencesDeriver.java
/Users/graemeparker/Documents/workspace/byyd-tech/projects/adserver/src/main/java/com/adfonic/adserver/deriver/impl/DeviceDataDeriver.java
/Users/graemeparker/Documents/workspace/byyd-tech/projects/adserver/src/main/java/com/adfonic/adserver/deriver/impl/DeviceIdentifiersDeriver.java
/Users/graemeparker/Documents/workspace/byyd-tech/projects/adserver/src/main/java/com/adfonic/adserver/deriver/impl/DeviceOptOutDeriver.java
/Users/graemeparker/Documents/workspace/byyd-tech/projects/adserver/src/main/java/com/adfonic/adserver/deriver/impl/FactualAudienceDeriver.java
/Users/graemeparker/Documents/workspace/byyd-tech/projects/adserver/src/main/java/com/adfonic/adserver/deriver/impl/GenderDeriver.java
/Users/graemeparker/Documents/workspace/byyd-tech/projects/adserver/src/main/java/com/adfonic/adserver/deriver/impl/IntegrationTypeDeriver.java
/Users/graemeparker/Documents/workspace/byyd-tech/projects/adserver/src/main/java/com/adfonic/adserver/deriver/impl/IpAddressValueDeriver.java
/Users/graemeparker/Documents/workspace/byyd-tech/projects/adserver/src/main/java/com/adfonic/adserver/deriver/impl/LanguageDeriver.java
/Users/graemeparker/Documents/workspace/byyd-tech/projects/adserver/src/main/java/com/adfonic/adserver/deriver/impl/LocationAudienceRedisDeriver.java
/Users/graemeparker/Documents/workspace/byyd-tech/projects/adserver/src/main/java/com/adfonic/adserver/deriver/impl/MarkupAvailableDeriver.java
/Users/graemeparker/Documents/workspace/byyd-tech/projects/adserver/src/main/java/com/adfonic/adserver/deriver/impl/MediumDeriver.java
/Users/graemeparker/Documents/workspace/byyd-tech/projects/adserver/src/main/java/com/adfonic/adserver/deriver/impl/MobileIpAddressRangeDeriver.java
/Users/graemeparker/Documents/workspace/byyd-tech/projects/adserver/src/main/java/com/adfonic/adserver/deriver/impl/ModelDeriver.java
/Users/graemeparker/Documents/workspace/byyd-tech/projects/adserver/src/main/java/com/adfonic/adserver/deriver/impl/MopubNativeDeriver.java
/Users/graemeparker/Documents/workspace/byyd-tech/projects/adserver/src/main/java/com/adfonic/adserver/deriver/impl/OperatorDeriver.java
/Users/graemeparker/Documents/workspace/byyd-tech/projects/adserver/src/main/java/com/adfonic/adserver/deriver/impl/PlatformDeriver.java
/Users/graemeparker/Documents/workspace/byyd-tech/projects/adserver/src/main/java/com/adfonic/adserver/deriver/impl/QuovaGeoDeriverImpl.java
/Users/graemeparker/Documents/workspace/byyd-tech/projects/adserver/src/main/java/com/adfonic/adserver/deriver/impl/StubbedGeoDeriver.java
/Users/graemeparker/Documents/workspace/byyd-tech/projects/adserver/src/main/java/com/adfonic/adserver/deriver/impl/TemplateSizeDeriver.java
/Users/graemeparker/Documents/workspace/byyd-tech/projects/adserver/src/main/java/com/adfonic/adserver/deriver/impl/UseBeaconsDeriver.java
/Users/graemeparker/Documents/workspace/byyd-tech/projects/adserver/src/main/java/com/adfonic/adserver/DeviceIdentifierLogic.java
/Users/graemeparker/Documents/workspace/byyd-tech/projects/adserver/src/main/java/com/adfonic/adserver/financial/FinancialCalc.java
/Users/graemeparker/Documents/workspace/byyd-tech/projects/adserver/src/main/java/com/adfonic/adserver/financial/Input.java
/Users/graemeparker/Documents/workspace/byyd-tech/projects/adserver/src/main/java/com/adfonic/adserver/financial/LicenseCPM_RTB.java
/Users/graemeparker/Documents/workspace/byyd-tech/projects/adserver/src/main/java/com/adfonic/adserver/financial/ManagedCPC_NONrtb.java
/Users/graemeparker/Documents/workspace/byyd-tech/projects/adserver/src/main/java/com/adfonic/adserver/financial/ManagedCPC_RTB.java
/Users/graemeparker/Documents/workspace/byyd-tech/projects/adserver/src/main/java/com/adfonic/adserver/financial/ManagedCPM_NONrtb.java
/Users/graemeparker/Documents/workspace/byyd-tech/projects/adserver/src/main/java/com/adfonic/adserver/financial/ManagedCPM_RTB.java
/Users/graemeparker/Documents/workspace/byyd-tech/projects/adserver/src/main/java/com/adfonic/adserver/financial/MarginShareCPC_NONrtb.java
/Users/graemeparker/Documents/workspace/byyd-tech/projects/adserver/src/main/java/com/adfonic/adserver/financial/MarginShareCPC_RTB.java
/Users/graemeparker/Documents/workspace/byyd-tech/projects/adserver/src/main/java/com/adfonic/adserver/financial/MarginShareCPM_NONrtb.java
/Users/graemeparker/Documents/workspace/byyd-tech/projects/adserver/src/main/java/com/adfonic/adserver/financial/MarginShareCPM_RTB.java
/Users/graemeparker/Documents/workspace/byyd-tech/projects/adserver/src/main/java/com/adfonic/adserver/financial/Output.java
/Users/graemeparker/Documents/workspace/byyd-tech/projects/adserver/src/main/java/com/adfonic/adserver/FrequencyCounter.java
/Users/graemeparker/Documents/workspace/byyd-tech/projects/adserver/src/main/java/com/adfonic/adserver/impl/AbstractFrequencyCounter.java
/Users/graemeparker/Documents/workspace/byyd-tech/projects/adserver/src/main/java/com/adfonic/adserver/impl/AbstractImpressionService.java
/Users/graemeparker/Documents/workspace/byyd-tech/projects/adserver/src/main/java/com/adfonic/adserver/impl/AdEventLoggerImpl.java
/Users/graemeparker/Documents/workspace/byyd-tech/projects/adserver/src/main/java/com/adfonic/adserver/impl/AdSpaceUtilsImpl.java
/Users/graemeparker/Documents/workspace/byyd-tech/projects/adserver/src/main/java/com/adfonic/adserver/impl/AdsquareTargetingChecks.java
/Users/graemeparker/Documents/workspace/byyd-tech/projects/adserver/src/main/java/com/adfonic/adserver/impl/ArchiveV1BackupLoggerImpl.java
/Users/graemeparker/Documents/workspace/byyd-tech/projects/adserver/src/main/java/com/adfonic/adserver/impl/BasicTargetingEngineImpl.java
/Users/graemeparker/Documents/workspace/byyd-tech/projects/adserver/src/main/java/com/adfonic/adserver/impl/BidTargetingContext.java
/Users/graemeparker/Documents/workspace/byyd-tech/projects/adserver/src/main/java/com/adfonic/adserver/impl/ClickUtilsImpl.java
/Users/graemeparker/Documents/workspace/byyd-tech/projects/adserver/src/main/java/com/adfonic/adserver/impl/CreativeBidDeal.java
/Users/graemeparker/Documents/workspace/byyd-tech/projects/adserver/src/main/java/com/adfonic/adserver/impl/DataCacheProperties.java
/Users/graemeparker/Documents/workspace/byyd-tech/projects/adserver/src/main/java/com/adfonic/adserver/impl/DeviceFeaturesTargetingChecks.java
/Users/graemeparker/Documents/workspace/byyd-tech/projects/adserver/src/main/java/com/adfonic/adserver/impl/DeviceIdentifierTargetingChecks.java
/Users/graemeparker/Documents/workspace/byyd-tech/projects/adserver/src/main/java/com/adfonic/adserver/impl/DeviceLocationTargetingChecks.java
/Users/graemeparker/Documents/workspace/byyd-tech/projects/adserver/src/main/java/com/adfonic/adserver/impl/DidEater.java
/Users/graemeparker/Documents/workspace/byyd-tech/projects/adserver/src/main/java/com/adfonic/adserver/impl/FactualTargetingChecks.java
/Users/graemeparker/Documents/workspace/byyd-tech/projects/adserver/src/main/java/com/adfonic/adserver/impl/icache/NamespaceAwareFrequencyCounter.java
/Users/graemeparker/Documents/workspace/byyd-tech/projects/adserver/src/main/java/com/adfonic/adserver/impl/icache/NamespaceAwareImpressionService.java
/Users/graemeparker/Documents/workspace/byyd-tech/projects/adserver/src/main/java/com/adfonic/adserver/impl/icache/NamespaceAwareParallelModeCacheService.java
/Users/graemeparker/Documents/workspace/byyd-tech/projects/adserver/src/main/java/com/adfonic/adserver/impl/icache/NamespaceAwareRtbCacheService.java
/Users/graemeparker/Documents/workspace/byyd-tech/projects/adserver/src/main/java/com/adfonic/adserver/impl/icache/SharedNamespaceFrequencyCounter.java
/Users/graemeparker/Documents/workspace/byyd-tech/projects/adserver/src/main/java/com/adfonic/adserver/impl/icache/SharedNamespaceImpressionService.java
/Users/graemeparker/Documents/workspace/byyd-tech/projects/adserver/src/main/java/com/adfonic/adserver/impl/icache/SharedNamespaceParallelModeCacheService.java
/Users/graemeparker/Documents/workspace/byyd-tech/projects/adserver/src/main/java/com/adfonic/adserver/impl/icache/SharedNamespaceRtbCacheService.java
/Users/graemeparker/Documents/workspace/byyd-tech/projects/adserver/src/main/java/com/adfonic/adserver/impl/LocalBudgetManagerAllAck.java
/Users/graemeparker/Documents/workspace/byyd-tech/projects/adserver/src/main/java/com/adfonic/adserver/impl/LocalBudgetManagerCassandra.java
/Users/graemeparker/Documents/workspace/byyd-tech/projects/adserver/src/main/java/com/adfonic/adserver/impl/LocalBudgetManagerRedis.java
/Users/graemeparker/Documents/workspace/byyd-tech/projects/adserver/src/main/java/com/adfonic/adserver/impl/PreProcessorImpl.java
/Users/graemeparker/Documents/workspace/byyd-tech/projects/adserver/src/main/java/com/adfonic/adserver/impl/StatusChangeManagerImpl.java
/Users/graemeparker/Documents/workspace/byyd-tech/projects/adserver/src/main/java/com/adfonic/adserver/impl/StoppageManagerImpl.java
/Users/graemeparker/Documents/workspace/byyd-tech/projects/adserver/src/main/java/com/adfonic/adserver/impl/TargetingContextFactoryImpl.java
/Users/graemeparker/Documents/workspace/byyd-tech/projects/adserver/src/main/java/com/adfonic/adserver/impl/TargetingContextImpl.java
/Users/graemeparker/Documents/workspace/byyd-tech/projects/adserver/src/main/java/com/adfonic/adserver/impl/TrackingIdentifierLogicImpl.java
/Users/graemeparker/Documents/workspace/byyd-tech/projects/adserver/src/main/java/com/adfonic/adserver/ImpressionService.java
/Users/graemeparker/Documents/workspace/byyd-tech/projects/adserver/src/main/java/com/adfonic/adserver/InvalidTrackingIdentifierException.java
/Users/graemeparker/Documents/workspace/byyd-tech/projects/adserver/src/main/java/com/adfonic/adserver/jms/AdserverJms.java
/Users/graemeparker/Documents/workspace/byyd-tech/projects/adserver/src/main/java/com/adfonic/adserver/jms/hornetq/AdserverJmsHornetQImpl.java
/Users/graemeparker/Documents/workspace/byyd-tech/projects/adserver/src/main/java/com/adfonic/adserver/LocalBudgetManager.java
/Users/graemeparker/Documents/workspace/byyd-tech/projects/adserver/src/main/java/com/adfonic/adserver/logging/LoggingUtils.java
/Users/graemeparker/Documents/workspace/byyd-tech/projects/adserver/src/main/java/com/adfonic/adserver/monitor/AdserverMonitor.java
/Users/graemeparker/Documents/workspace/byyd-tech/projects/adserver/src/main/java/com/adfonic/adserver/offence/OffenceHttpServletRequest.java
/Users/graemeparker/Documents/workspace/byyd-tech/projects/adserver/src/main/java/com/adfonic/adserver/offence/OffenceRegistry.java
/Users/graemeparker/Documents/workspace/byyd-tech/projects/adserver/src/main/java/com/adfonic/adserver/offence/OffenceSection.java
/Users/graemeparker/Documents/workspace/byyd-tech/projects/adserver/src/main/java/com/adfonic/adserver/offence/OffenceStats.java
/Users/graemeparker/Documents/workspace/byyd-tech/projects/adserver/src/main/java/com/adfonic/adserver/offence/TroubledBidRequest.java
/Users/graemeparker/Documents/workspace/byyd-tech/projects/adserver/src/main/java/com/adfonic/adserver/ParallelModeBidDetails.java
/Users/graemeparker/Documents/workspace/byyd-tech/projects/adserver/src/main/java/com/adfonic/adserver/ParallelModeBidManager.java
/Users/graemeparker/Documents/workspace/byyd-tech/projects/adserver/src/main/java/com/adfonic/adserver/ParallelModeCacheService.java
/Users/graemeparker/Documents/workspace/byyd-tech/projects/adserver/src/main/java/com/adfonic/adserver/plugin/AbstractPlugin.java
/Users/graemeparker/Documents/workspace/byyd-tech/projects/adserver/src/main/java/com/adfonic/adserver/plugin/generic/GenericPlugin.java
/Users/graemeparker/Documents/workspace/byyd-tech/projects/adserver/src/main/java/com/adfonic/adserver/plugin/NoAdPluginException.java
/Users/graemeparker/Documents/workspace/byyd-tech/projects/adserver/src/main/java/com/adfonic/adserver/plugin/Plugin.java
/Users/graemeparker/Documents/workspace/byyd-tech/projects/adserver/src/main/java/com/adfonic/adserver/plugin/PluginCategoryManager.java
/Users/graemeparker/Documents/workspace/byyd-tech/projects/adserver/src/main/java/com/adfonic/adserver/plugin/PluginException.java
/Users/graemeparker/Documents/workspace/byyd-tech/projects/adserver/src/main/java/com/adfonic/adserver/plugin/PluginFillRateTracker.java
/Users/graemeparker/Documents/workspace/byyd-tech/projects/adserver/src/main/java/com/adfonic/adserver/plugin/PluginHttpManager.java
/Users/graemeparker/Documents/workspace/byyd-tech/projects/adserver/src/main/java/com/adfonic/adserver/plugin/PluginHttpResponseHandler.java
/Users/graemeparker/Documents/workspace/byyd-tech/projects/adserver/src/main/java/com/adfonic/adserver/plugin/PluginManager.java
/Users/graemeparker/Documents/workspace/byyd-tech/projects/adserver/src/main/java/com/adfonic/adserver/plugin/PluginManagerImpl.java
/Users/graemeparker/Documents/workspace/byyd-tech/projects/adserver/src/main/java/com/adfonic/adserver/plugin/PluginProxiedDestination.java
/Users/graemeparker/Documents/workspace/byyd-tech/projects/adserver/src/main/java/com/adfonic/adserver/PreProcessor.java
/Users/graemeparker/Documents/workspace/byyd-tech/projects/adserver/src/main/java/com/adfonic/adserver/ResponseFormat.java
/Users/graemeparker/Documents/workspace/byyd-tech/projects/adserver/src/main/java/com/adfonic/adserver/ResponseParameters.java
/Users/graemeparker/Documents/workspace/byyd-tech/projects/adserver/src/main/java/com/adfonic/adserver/rtb/adx/AdX.java
/Users/graemeparker/Documents/workspace/byyd-tech/projects/adserver/src/main/java/com/adfonic/adserver/rtb/adx/AdxCrypter.java
/Users/graemeparker/Documents/workspace/byyd-tech/projects/adserver/src/main/java/com/adfonic/adserver/rtb/adx/CookieTargeting.java
/Users/graemeparker/Documents/workspace/byyd-tech/projects/adserver/src/main/java/com/adfonic/adserver/rtb/adx/CreativeType.java
/Users/graemeparker/Documents/workspace/byyd-tech/projects/adserver/src/main/java/com/adfonic/adserver/rtb/adx/DestinationUrlType.java
/Users/graemeparker/Documents/workspace/byyd-tech/projects/adserver/src/main/java/com/adfonic/adserver/rtb/adx/ExpandingAction.java
/Users/graemeparker/Documents/workspace/byyd-tech/projects/adserver/src/main/java/com/adfonic/adserver/rtb/adx/ExpandingDirection.java
/Users/graemeparker/Documents/workspace/byyd-tech/projects/adserver/src/main/java/com/adfonic/adserver/rtb/adx/InstreamVastVideoType.java
/Users/graemeparker/Documents/workspace/byyd-tech/projects/adserver/src/main/java/com/adfonic/adserver/rtb/adx/MatchCoding.java
/Users/graemeparker/Documents/workspace/byyd-tech/projects/adserver/src/main/java/com/adfonic/adserver/rtb/adx/OfflineEligibility.java
/Users/graemeparker/Documents/workspace/byyd-tech/projects/adserver/src/main/java/com/adfonic/adserver/rtb/adx/RichMediaCapabilityType.java
/Users/graemeparker/Documents/workspace/byyd-tech/projects/adserver/src/main/java/com/adfonic/adserver/rtb/adx/Tagging.java
/Users/graemeparker/Documents/workspace/byyd-tech/projects/adserver/src/main/java/com/adfonic/adserver/rtb/adx/UserInterestTargeting.java
/Users/graemeparker/Documents/workspace/byyd-tech/projects/adserver/src/main/java/com/adfonic/adserver/rtb/adx/VideoType.java
/Users/graemeparker/Documents/workspace/byyd-tech/projects/adserver/src/main/java/com/adfonic/adserver/rtb/APIFramework.java
/Users/graemeparker/Documents/workspace/byyd-tech/projects/adserver/src/main/java/com/adfonic/adserver/rtb/BackupLoggingRtbBidEventListener.java
/Users/graemeparker/Documents/workspace/byyd-tech/projects/adserver/src/main/java/com/adfonic/adserver/rtb/dec/AdXEncUtil.java
/Users/graemeparker/Documents/workspace/byyd-tech/projects/adserver/src/main/java/com/adfonic/adserver/rtb/dec/OpenXUtil.java
/Users/graemeparker/Documents/workspace/byyd-tech/projects/adserver/src/main/java/com/adfonic/adserver/rtb/dec/RubiconEncUtil.java
/Users/graemeparker/Documents/workspace/byyd-tech/projects/adserver/src/main/java/com/adfonic/adserver/rtb/dec/SecurityAlias.java
/Users/graemeparker/Documents/workspace/byyd-tech/projects/adserver/src/main/java/com/adfonic/adserver/rtb/dec/ZeroDecrypter.java
/Users/graemeparker/Documents/workspace/byyd-tech/projects/adserver/src/main/java/com/adfonic/adserver/rtb/impl/AdsquareWorker.java
/Users/graemeparker/Documents/workspace/byyd-tech/projects/adserver/src/main/java/com/adfonic/adserver/rtb/impl/BidRateThrottler.java
/Users/graemeparker/Documents/workspace/byyd-tech/projects/adserver/src/main/java/com/adfonic/adserver/rtb/impl/RtbBidLogicImpl.java
/Users/graemeparker/Documents/workspace/byyd-tech/projects/adserver/src/main/java/com/adfonic/adserver/rtb/impl/RtbIdServiceImpl.java
/Users/graemeparker/Documents/workspace/byyd-tech/projects/adserver/src/main/java/com/adfonic/adserver/rtb/impl/RtbWinLogicImpl.java
/Users/graemeparker/Documents/workspace/byyd-tech/projects/adserver/src/main/java/com/adfonic/adserver/rtb/itlookup/DirectITDeriver.java
/Users/graemeparker/Documents/workspace/byyd-tech/projects/adserver/src/main/java/com/adfonic/adserver/rtb/itlookup/FallbackDirectITDeriver.java
/Users/graemeparker/Documents/workspace/byyd-tech/projects/adserver/src/main/java/com/adfonic/adserver/rtb/itlookup/OverridingCustomRangeITDeriver.java
/Users/graemeparker/Documents/workspace/byyd-tech/projects/adserver/src/main/java/com/adfonic/adserver/rtb/itlookup/RangeITDeriver.java
/Users/graemeparker/Documents/workspace/byyd-tech/projects/adserver/src/main/java/com/adfonic/adserver/rtb/mapper/AdXMapper.java
/Users/graemeparker/Documents/workspace/byyd-tech/projects/adserver/src/main/java/com/adfonic/adserver/rtb/mapper/AppNexusV1Mapper.java
/Users/graemeparker/Documents/workspace/byyd-tech/projects/adserver/src/main/java/com/adfonic/adserver/rtb/mapper/AppNexusV2Mapper.java
/Users/graemeparker/Documents/workspace/byyd-tech/projects/adserver/src/main/java/com/adfonic/adserver/rtb/mapper/BaseMapper.java
/Users/graemeparker/Documents/workspace/byyd-tech/projects/adserver/src/main/java/com/adfonic/adserver/rtb/mapper/MopubRTBv1Mapper.java
/Users/graemeparker/Documents/workspace/byyd-tech/projects/adserver/src/main/java/com/adfonic/adserver/rtb/mapper/MopubRTBv1ResponseMapper.java
/Users/graemeparker/Documents/workspace/byyd-tech/projects/adserver/src/main/java/com/adfonic/adserver/rtb/mapper/MopubRTBv2Mapper.java
/Users/graemeparker/Documents/workspace/byyd-tech/projects/adserver/src/main/java/com/adfonic/adserver/rtb/mapper/NexageRTBv2Mapper.java
/Users/graemeparker/Documents/workspace/byyd-tech/projects/adserver/src/main/java/com/adfonic/adserver/rtb/mapper/NexageV1Mapper.java
/Users/graemeparker/Documents/workspace/byyd-tech/projects/adserver/src/main/java/com/adfonic/adserver/rtb/mapper/OpenRTBv1QuickNdirty.java
/Users/graemeparker/Documents/workspace/byyd-tech/projects/adserver/src/main/java/com/adfonic/adserver/rtb/mapper/OpenRTBv2ByHandMapper.java
/Users/graemeparker/Documents/workspace/byyd-tech/projects/adserver/src/main/java/com/adfonic/adserver/rtb/mapper/OpenXMapper.java
/Users/graemeparker/Documents/workspace/byyd-tech/projects/adserver/src/main/java/com/adfonic/adserver/rtb/mapper/ProtoBufMapper.java
/Users/graemeparker/Documents/workspace/byyd-tech/projects/adserver/src/main/java/com/adfonic/adserver/rtb/mapper/PubmaticRTBV2Mapper.java
/Users/graemeparker/Documents/workspace/byyd-tech/projects/adserver/src/main/java/com/adfonic/adserver/rtb/mapper/SmaatoRTBv2Mapper.java
/Users/graemeparker/Documents/workspace/byyd-tech/projects/adserver/src/main/java/com/adfonic/adserver/rtb/mapper/YieldLabMapper.java
/Users/graemeparker/Documents/workspace/byyd-tech/projects/adserver/src/main/java/com/adfonic/adserver/rtb/nativ/AdObject.java
/Users/graemeparker/Documents/workspace/byyd-tech/projects/adserver/src/main/java/com/adfonic/adserver/rtb/nativ/AdType.java
/Users/graemeparker/Documents/workspace/byyd-tech/projects/adserver/src/main/java/com/adfonic/adserver/rtb/nativ/BaseRequest.java
/Users/graemeparker/Documents/workspace/byyd-tech/projects/adserver/src/main/java/com/adfonic/adserver/rtb/nativ/BaseResponse.java
/Users/graemeparker/Documents/workspace/byyd-tech/projects/adserver/src/main/java/com/adfonic/adserver/rtb/nativ/ByydApp.java
/Users/graemeparker/Documents/workspace/byyd-tech/projects/adserver/src/main/java/com/adfonic/adserver/rtb/nativ/ByydBase.java
/Users/graemeparker/Documents/workspace/byyd-tech/projects/adserver/src/main/java/com/adfonic/adserver/rtb/nativ/ByydBid.java
/Users/graemeparker/Documents/workspace/byyd-tech/projects/adserver/src/main/java/com/adfonic/adserver/rtb/nativ/ByydDeal.java
/Users/graemeparker/Documents/workspace/byyd-tech/projects/adserver/src/main/java/com/adfonic/adserver/rtb/nativ/ByydDevice.java
/Users/graemeparker/Documents/workspace/byyd-tech/projects/adserver/src/main/java/com/adfonic/adserver/rtb/nativ/ByydImp.java
/Users/graemeparker/Documents/workspace/byyd-tech/projects/adserver/src/main/java/com/adfonic/adserver/rtb/nativ/ByydMarketPlace.java
/Users/graemeparker/Documents/workspace/byyd-tech/projects/adserver/src/main/java/com/adfonic/adserver/rtb/nativ/ByydRequest.java
/Users/graemeparker/Documents/workspace/byyd-tech/projects/adserver/src/main/java/com/adfonic/adserver/rtb/nativ/ByydResponse.java
/Users/graemeparker/Documents/workspace/byyd-tech/projects/adserver/src/main/java/com/adfonic/adserver/rtb/nativ/ByydSite.java
/Users/graemeparker/Documents/workspace/byyd-tech/projects/adserver/src/main/java/com/adfonic/adserver/rtb/nativ/ByydSiteOrApp.java
/Users/graemeparker/Documents/workspace/byyd-tech/projects/adserver/src/main/java/com/adfonic/adserver/rtb/nativ/ByydUser.java
/Users/graemeparker/Documents/workspace/byyd-tech/projects/adserver/src/main/java/com/adfonic/adserver/rtb/nativ/IntegrationTypeLookup.java
/Users/graemeparker/Documents/workspace/byyd-tech/projects/adserver/src/main/java/com/adfonic/adserver/rtb/NoBidException.java
/Users/graemeparker/Documents/workspace/byyd-tech/projects/adserver/src/main/java/com/adfonic/adserver/rtb/NoBidReason.java
/Users/graemeparker/Documents/workspace/byyd-tech/projects/adserver/src/main/java/com/adfonic/adserver/rtb/open/v1/App.java
/Users/graemeparker/Documents/workspace/byyd-tech/projects/adserver/src/main/java/com/adfonic/adserver/rtb/open/v1/Bid.java
/Users/graemeparker/Documents/workspace/byyd-tech/projects/adserver/src/main/java/com/adfonic/adserver/rtb/open/v1/BidRequest.java
/Users/graemeparker/Documents/workspace/byyd-tech/projects/adserver/src/main/java/com/adfonic/adserver/rtb/open/v1/BidResponse.java
/Users/graemeparker/Documents/workspace/byyd-tech/projects/adserver/src/main/java/com/adfonic/adserver/rtb/open/v1/Device.java
/Users/graemeparker/Documents/workspace/byyd-tech/projects/adserver/src/main/java/com/adfonic/adserver/rtb/open/v1/Imp.java
/Users/graemeparker/Documents/workspace/byyd-tech/projects/adserver/src/main/java/com/adfonic/adserver/rtb/open/v1/Restrictions.java
/Users/graemeparker/Documents/workspace/byyd-tech/projects/adserver/src/main/java/com/adfonic/adserver/rtb/open/v1/RtbEnumDeserializer.java
/Users/graemeparker/Documents/workspace/byyd-tech/projects/adserver/src/main/java/com/adfonic/adserver/rtb/open/v1/RtbEnumSerializer.java
/Users/graemeparker/Documents/workspace/byyd-tech/projects/adserver/src/main/java/com/adfonic/adserver/rtb/open/v1/RtbPublication.java
/Users/graemeparker/Documents/workspace/byyd-tech/projects/adserver/src/main/java/com/adfonic/adserver/rtb/open/v1/SeatBid.java
/Users/graemeparker/Documents/workspace/byyd-tech/projects/adserver/src/main/java/com/adfonic/adserver/rtb/open/v1/Site.java
/Users/graemeparker/Documents/workspace/byyd-tech/projects/adserver/src/main/java/com/adfonic/adserver/rtb/open/v1/User.java
/Users/graemeparker/Documents/workspace/byyd-tech/projects/adserver/src/main/java/com/adfonic/adserver/rtb/open/v2/App.java
/Users/graemeparker/Documents/workspace/byyd-tech/projects/adserver/src/main/java/com/adfonic/adserver/rtb/open/v2/Banner.java
/Users/graemeparker/Documents/workspace/byyd-tech/projects/adserver/src/main/java/com/adfonic/adserver/rtb/open/v2/Bid.java
/Users/graemeparker/Documents/workspace/byyd-tech/projects/adserver/src/main/java/com/adfonic/adserver/rtb/open/v2/BidRequest.java
/Users/graemeparker/Documents/workspace/byyd-tech/projects/adserver/src/main/java/com/adfonic/adserver/rtb/open/v2/BidRequestExtension.java
/Users/graemeparker/Documents/workspace/byyd-tech/projects/adserver/src/main/java/com/adfonic/adserver/rtb/open/v2/Device.java
/Users/graemeparker/Documents/workspace/byyd-tech/projects/adserver/src/main/java/com/adfonic/adserver/rtb/open/v2/ext/appnxs/AppNexusBid.java
/Users/graemeparker/Documents/workspace/byyd-tech/projects/adserver/src/main/java/com/adfonic/adserver/rtb/open/v2/ext/appnxs/AppNexusBidRequest.java
/Users/graemeparker/Documents/workspace/byyd-tech/projects/adserver/src/main/java/com/adfonic/adserver/rtb/open/v2/ext/appnxs/AppNexusBidResponse.java
/Users/graemeparker/Documents/workspace/byyd-tech/projects/adserver/src/main/java/com/adfonic/adserver/rtb/open/v2/ext/appnxs/AppNexusImp.java
/Users/graemeparker/Documents/workspace/byyd-tech/projects/adserver/src/main/java/com/adfonic/adserver/rtb/open/v2/ext/appnxs/AppNexusSeatBid.java
/Users/graemeparker/Documents/workspace/byyd-tech/projects/adserver/src/main/java/com/adfonic/adserver/rtb/open/v2/ext/mopub/AdmJson.java
/Users/graemeparker/Documents/workspace/byyd-tech/projects/adserver/src/main/java/com/adfonic/adserver/rtb/open/v2/ext/mopub/MopubBanner.java
/Users/graemeparker/Documents/workspace/byyd-tech/projects/adserver/src/main/java/com/adfonic/adserver/rtb/open/v2/ext/mopub/MopubBid.java
/Users/graemeparker/Documents/workspace/byyd-tech/projects/adserver/src/main/java/com/adfonic/adserver/rtb/open/v2/ext/mopub/MopubBidExt.java
/Users/graemeparker/Documents/workspace/byyd-tech/projects/adserver/src/main/java/com/adfonic/adserver/rtb/open/v2/ext/mopub/MopubBidRequest.java
/Users/graemeparker/Documents/workspace/byyd-tech/projects/adserver/src/main/java/com/adfonic/adserver/rtb/open/v2/ext/mopub/MopubBidResponse.java
/Users/graemeparker/Documents/workspace/byyd-tech/projects/adserver/src/main/java/com/adfonic/adserver/rtb/open/v2/ext/mopub/MopubCrtype.java
/Users/graemeparker/Documents/workspace/byyd-tech/projects/adserver/src/main/java/com/adfonic/adserver/rtb/open/v2/ext/mopub/MopubDevice.java
/Users/graemeparker/Documents/workspace/byyd-tech/projects/adserver/src/main/java/com/adfonic/adserver/rtb/open/v2/ext/mopub/MopubImp.java
/Users/graemeparker/Documents/workspace/byyd-tech/projects/adserver/src/main/java/com/adfonic/adserver/rtb/open/v2/ext/mopub/MopubSeatBid.java
/Users/graemeparker/Documents/workspace/byyd-tech/projects/adserver/src/main/java/com/adfonic/adserver/rtb/open/v2/ext/nexage/NexageBidRequest.java
/Users/graemeparker/Documents/workspace/byyd-tech/projects/adserver/src/main/java/com/adfonic/adserver/rtb/open/v2/ext/nexage/NexageDevice.java
/Users/graemeparker/Documents/workspace/byyd-tech/projects/adserver/src/main/java/com/adfonic/adserver/rtb/open/v2/ext/pubmatic/PubmaticApp.java
/Users/graemeparker/Documents/workspace/byyd-tech/projects/adserver/src/main/java/com/adfonic/adserver/rtb/open/v2/ext/pubmatic/PubmaticBidRequest.java
/Users/graemeparker/Documents/workspace/byyd-tech/projects/adserver/src/main/java/com/adfonic/adserver/rtb/open/v2/ext/pubmatic/PubmaticDevice.java
/Users/graemeparker/Documents/workspace/byyd-tech/projects/adserver/src/main/java/com/adfonic/adserver/rtb/open/v2/ext/rubicon/RubiconBanner.java
/Users/graemeparker/Documents/workspace/byyd-tech/projects/adserver/src/main/java/com/adfonic/adserver/rtb/open/v2/ext/rubicon/RubiconBidRequest.java
/Users/graemeparker/Documents/workspace/byyd-tech/projects/adserver/src/main/java/com/adfonic/adserver/rtb/open/v2/ext/rubicon/RubiconImp.java
/Users/graemeparker/Documents/workspace/byyd-tech/projects/adserver/src/main/java/com/adfonic/adserver/rtb/open/v2/ext/smaato/SmaatoAdMarkupGenerator.java
/Users/graemeparker/Documents/workspace/byyd-tech/projects/adserver/src/main/java/com/adfonic/adserver/rtb/open/v2/ext/smaato/SmaatoBidRequest.java
/Users/graemeparker/Documents/workspace/byyd-tech/projects/adserver/src/main/java/com/adfonic/adserver/rtb/open/v2/ext/smaato/SmaatoImp.java
/Users/graemeparker/Documents/workspace/byyd-tech/projects/adserver/src/main/java/com/adfonic/adserver/rtb/open/v2/ext/smaato/SmaatoUdi.java
/Users/graemeparker/Documents/workspace/byyd-tech/projects/adserver/src/main/java/com/adfonic/adserver/rtb/open/v2/Extension.java
/Users/graemeparker/Documents/workspace/byyd-tech/projects/adserver/src/main/java/com/adfonic/adserver/rtb/open/v2/Geo.java
/Users/graemeparker/Documents/workspace/byyd-tech/projects/adserver/src/main/java/com/adfonic/adserver/rtb/open/v2/Imp.java
/Users/graemeparker/Documents/workspace/byyd-tech/projects/adserver/src/main/java/com/adfonic/adserver/rtb/open/v2/ImpExtension.java
/Users/graemeparker/Documents/workspace/byyd-tech/projects/adserver/src/main/java/com/adfonic/adserver/rtb/open/v2/LocationType.java
/Users/graemeparker/Documents/workspace/byyd-tech/projects/adserver/src/main/java/com/adfonic/adserver/rtb/open/v2/PmpV2.java
/Users/graemeparker/Documents/workspace/byyd-tech/projects/adserver/src/main/java/com/adfonic/adserver/rtb/open/v2/Publisher.java
/Users/graemeparker/Documents/workspace/byyd-tech/projects/adserver/src/main/java/com/adfonic/adserver/rtb/open/v2/RtbNative.java
/Users/graemeparker/Documents/workspace/byyd-tech/projects/adserver/src/main/java/com/adfonic/adserver/rtb/open/v2/RtbRegs.java
/Users/graemeparker/Documents/workspace/byyd-tech/projects/adserver/src/main/java/com/adfonic/adserver/rtb/open/v2/Site.java
/Users/graemeparker/Documents/workspace/byyd-tech/projects/adserver/src/main/java/com/adfonic/adserver/rtb/open/v2/SiteOrApp.java
/Users/graemeparker/Documents/workspace/byyd-tech/projects/adserver/src/main/java/com/adfonic/adserver/rtb/open/v2/User.java
/Users/graemeparker/Documents/workspace/byyd-tech/projects/adserver/src/main/java/com/adfonic/adserver/rtb/open/v2/VideoV2.java
/Users/graemeparker/Documents/workspace/byyd-tech/projects/adserver/src/main/java/com/adfonic/adserver/rtb/openx/OpenX.java
/Users/graemeparker/Documents/workspace/byyd-tech/projects/adserver/src/main/java/com/adfonic/adserver/rtb/PriceDecrypter.java
/Users/graemeparker/Documents/workspace/byyd-tech/projects/adserver/src/main/java/com/adfonic/adserver/rtb/PriceUnits.java
/Users/graemeparker/Documents/workspace/byyd-tech/projects/adserver/src/main/java/com/adfonic/adserver/rtb/RtbBidDetails.java
/Users/graemeparker/Documents/workspace/byyd-tech/projects/adserver/src/main/java/com/adfonic/adserver/rtb/RtbBidEventAdapter.java
/Users/graemeparker/Documents/workspace/byyd-tech/projects/adserver/src/main/java/com/adfonic/adserver/rtb/RtbBidEventListener.java
/Users/graemeparker/Documents/workspace/byyd-tech/projects/adserver/src/main/java/com/adfonic/adserver/rtb/RtbBidLogic.java
/Users/graemeparker/Documents/workspace/byyd-tech/projects/adserver/src/main/java/com/adfonic/adserver/rtb/RtbBidManager.java
/Users/graemeparker/Documents/workspace/byyd-tech/projects/adserver/src/main/java/com/adfonic/adserver/rtb/RtbCacheService.java
/Users/graemeparker/Documents/workspace/byyd-tech/projects/adserver/src/main/java/com/adfonic/adserver/rtb/RtbIdService.java
/Users/graemeparker/Documents/workspace/byyd-tech/projects/adserver/src/main/java/com/adfonic/adserver/rtb/util/AdsquareServiceCheck.java
/Users/graemeparker/Documents/workspace/byyd-tech/projects/adserver/src/main/java/com/adfonic/adserver/rtb/util/ConditionalOnSystemProperty.java
/Users/graemeparker/Documents/workspace/byyd-tech/projects/adserver/src/main/java/com/adfonic/adserver/rtb/util/GdsServerCheck.java
/Users/graemeparker/Documents/workspace/byyd-tech/projects/adserver/src/main/java/com/adfonic/adserver/rtb/util/OnSystemPropertyCondition.java
/Users/graemeparker/Documents/workspace/byyd-tech/projects/adserver/src/main/java/com/adfonic/adserver/rtb/util/SimpleRedisCheck.java
/Users/graemeparker/Documents/workspace/byyd-tech/projects/adserver/src/main/java/com/adfonic/adserver/rtb/util/TargetingContextUtil.java
/Users/graemeparker/Documents/workspace/byyd-tech/projects/adserver/src/main/java/com/adfonic/adserver/rtb/yieldlab/YieldlabBid.java
/Users/graemeparker/Documents/workspace/byyd-tech/projects/adserver/src/main/java/com/adfonic/adserver/rtb/yieldlab/YieldlabBidResponse.java
/Users/graemeparker/Documents/workspace/byyd-tech/projects/adserver/src/main/java/com/adfonic/adserver/spring/config/AdserverCacheDbSpringConfig.java
/Users/graemeparker/Documents/workspace/byyd-tech/projects/adserver/src/main/java/com/adfonic/adserver/spring/config/AdserverExternalServicesConfig.java
/Users/graemeparker/Documents/workspace/byyd-tech/projects/adserver/src/main/java/com/adfonic/adserver/spring/config/AdserverJmsListenerMapping.java
/Users/graemeparker/Documents/workspace/byyd-tech/projects/adserver/src/main/java/com/adfonic/adserver/spring/config/AdserverJmsSpringConfig.java
/Users/graemeparker/Documents/workspace/byyd-tech/projects/adserver/src/main/java/com/adfonic/adserver/spring/config/AdserverResourcesSpringConfig.java
/Users/graemeparker/Documents/workspace/byyd-tech/projects/adserver/src/main/java/com/adfonic/adserver/spring/config/AdserverSchedulingConfig.java
/Users/graemeparker/Documents/workspace/byyd-tech/projects/adserver/src/main/java/com/adfonic/adserver/spring/config/AdserverSpringConfig.java
/Users/graemeparker/Documents/workspace/byyd-tech/projects/adserver/src/main/java/com/adfonic/adserver/spring/config/AdserverStatusSpringConfig.java
/Users/graemeparker/Documents/workspace/byyd-tech/projects/adserver/src/main/java/com/adfonic/adserver/spring/config/ImpcacheCitrusleafConfig.java
/Users/graemeparker/Documents/workspace/byyd-tech/projects/adserver/src/main/java/com/adfonic/adserver/spring/config/ImpcacheEhcacheConfig.java
/Users/graemeparker/Documents/workspace/byyd-tech/projects/adserver/src/main/java/com/adfonic/adserver/StatusChangeManager.java
/Users/graemeparker/Documents/workspace/byyd-tech/projects/adserver/src/main/java/com/adfonic/adserver/Stoppage.java
/Users/graemeparker/Documents/workspace/byyd-tech/projects/adserver/src/main/java/com/adfonic/adserver/StoppageManager.java
/Users/graemeparker/Documents/workspace/byyd-tech/projects/adserver/src/main/java/com/adfonic/adserver/stoppages/DatabaseStoppageServiceImpl.java
/Users/graemeparker/Documents/workspace/byyd-tech/projects/adserver/src/main/java/com/adfonic/adserver/stoppages/StoppagesCollection.java
/Users/graemeparker/Documents/workspace/byyd-tech/projects/adserver/src/main/java/com/adfonic/adserver/stoppages/StoppagesFromDb.java
/Users/graemeparker/Documents/workspace/byyd-tech/projects/adserver/src/main/java/com/adfonic/adserver/stoppages/StoppagesService.java
/Users/graemeparker/Documents/workspace/byyd-tech/projects/adserver/src/main/java/com/adfonic/adserver/TargetingContextFactory.java
/Users/graemeparker/Documents/workspace/byyd-tech/projects/adserver/src/main/java/com/adfonic/adserver/TargetingEngine.java
/Users/graemeparker/Documents/workspace/byyd-tech/projects/adserver/src/main/java/com/adfonic/adserver/TargetingEventAdapter.java
/Users/graemeparker/Documents/workspace/byyd-tech/projects/adserver/src/main/java/com/adfonic/adserver/TargetingEventListener.java
/Users/graemeparker/Documents/workspace/byyd-tech/projects/adserver/src/main/java/com/adfonic/adserver/TimeLimit.java
/Users/graemeparker/Documents/workspace/byyd-tech/projects/adserver/src/main/java/com/adfonic/adserver/TrackerClient.java
/Users/graemeparker/Documents/workspace/byyd-tech/projects/adserver/src/main/java/com/adfonic/adserver/TrackingIdentifierLogic.java
/Users/graemeparker/Documents/workspace/byyd-tech/projects/adserver/src/main/java/com/adfonic/adserver/Traffic.java
/Users/graemeparker/Documents/workspace/byyd-tech/projects/adserver/src/main/java/com/adfonic/adserver/TrafficConservationFilter.java
/Users/graemeparker/Documents/workspace/byyd-tech/projects/adserver/src/main/java/com/adfonic/adserver/vhost/ObjectFactory.java
/Users/graemeparker/Documents/workspace/byyd-tech/projects/adserver/src/main/java/com/adfonic/adserver/view/AbstractAdView.java
/Users/graemeparker/Documents/workspace/byyd-tech/projects/adserver/src/main/java/com/adfonic/adserver/view/HtmlAdView.java
/Users/graemeparker/Documents/workspace/byyd-tech/projects/adserver/src/main/java/com/adfonic/adserver/view/JavascriptAdView.java
/Users/graemeparker/Documents/workspace/byyd-tech/projects/adserver/src/main/java/com/adfonic/adserver/view/JsonAdView.java
/Users/graemeparker/Documents/workspace/byyd-tech/projects/adserver/src/main/java/com/adfonic/adserver/view/UrlencodeAdView.java
/Users/graemeparker/Documents/workspace/byyd-tech/projects/adserver/src/main/java/com/adfonic/adserver/view/XmlAdView.java
/Users/graemeparker/Documents/workspace/byyd-tech/projects/adserver/src/main/java/com/adfonic/adserver/web/jsf/managed/beans/AdServerCacheBean.java
/Users/graemeparker/Documents/workspace/byyd-tech/projects/adserver/src/main/java/com/adfonic/adserver/web/jsf/managed/beans/CountryConvertor.java
/Users/graemeparker/Documents/workspace/byyd-tech/projects/adserver/src/main/java/com/adfonic/adserver/web/jsf/managed/beans/FrequencyCapBean.java
/Users/graemeparker/Documents/workspace/byyd-tech/projects/adserver/src/main/java/com/adfonic/adserver/web/jsf/managed/beans/NumberConfigListener.java
/Users/graemeparker/Documents/workspace/byyd-tech/projects/adserver/src/main/java/com/adfonic/adserver/web/jsf/managed/beans/PlatformConvertor.java
